<?xml version="1.0" encoding="UTF-8"?>
<!-- Generated by org.testng.reporters.JUnitReportReporter -->
<testsuite hostname="Deepak-PC" name="org.apache.atlas.seleniumtests.SearchPageTest" tests="27" failures="0" timestamp="6 Mar 2016 06:50:07 GMT" time="374.333" errors="0">
  <testcase name="validateTagSearchResult" time="0.324" classname="org.apache.atlas.seleniumtests.SearchPageTest"/>
  <testcase name="invalidSearchResult" time="16.624" classname="org.apache.atlas.seleniumtests.SearchPageTest"/>
  <testcase name="validateTableHeaders" time="0.069" classname="org.apache.atlas.seleniumtests.SearchPageTest"/>
  <testcase name="validateSearchQueries" time="18.800" classname="org.apache.atlas.seleniumtests.SearchPageTest"/>
  <testcase name="validateSearchQueries" time="18.507" classname="org.apache.atlas.seleniumtests.SearchPageTest"/>
  <testcase name="validateSearchQueries" time="18.590" classname="org.apache.atlas.seleniumtests.SearchPageTest"/>
  <testcase name="validateSearchQueries" time="39.181" classname="org.apache.atlas.seleniumtests.SearchPageTest"/>
  <testcase name="validateSearchQueries" time="18.500" classname="org.apache.atlas.seleniumtests.SearchPageTest"/>
  <testcase name="validateSearchQueries" time="18.533" classname="org.apache.atlas.seleniumtests.SearchPageTest"/>
  <testcase name="validateSearchResultCount" time="16.648" classname="org.apache.atlas.seleniumtests.SearchPageTest"/>
  <testcase name="validateTagSearchInSearchPage" time="0.016" classname="org.apache.atlas.seleniumtests.SearchPageTest"/>
  <testcase name="validateSearchQueries" time="18.575" classname="org.apache.atlas.seleniumtests.SearchPageTest"/>
  <testcase name="validateTagInSearchResult" time="19.755" classname="org.apache.atlas.seleniumtests.SearchPageTest"/>
  <testcase name="validateSearchQueries" time="18.525" classname="org.apache.atlas.seleniumtests.SearchPageTest"/>
  <testcase name="validateFunctionalTestTag" time="33.197" classname="org.apache.atlas.seleniumtests.SearchPageTest"/>
  <testcase name="validateTagSectionInSearchPage" time="0.012" classname="org.apache.atlas.seleniumtests.SearchPageTest"/>
  <testcase name="validateSearchQueries" time="18.799" classname="org.apache.atlas.seleniumtests.SearchPageTest"/>
  <testcase name="testPageElementsFromSearchPage" time="3.238" classname="org.apache.atlas.seleniumtests.SearchPageTest"/>
  <testcase name="validateSearchQueries" time="18.531" classname="org.apache.atlas.seleniumtests.SearchPageTest"/>
  <testcase name="validateSearchFunctionalty" time="16.389" classname="org.apache.atlas.seleniumtests.SearchPageTest"/>
  <testcase name="validateSearchQueries" time="18.525" classname="org.apache.atlas.seleniumtests.SearchPageTest"/>
  <testcase name="validateSearchQueries" time="18.476" classname="org.apache.atlas.seleniumtests.SearchPageTest"/>
  <testcase name="validateSearchQueries" time="18.535" classname="org.apache.atlas.seleniumtests.SearchPageTest"/>
  <testcase name="validatNoOfeSelectOptions" time="0.090" classname="org.apache.atlas.seleniumtests.SearchPageTest"/>
  <testcase name="validate_TextAndDSL_availability" time="0.016" classname="org.apache.atlas.seleniumtests.SearchPageTest"/>
  <testcase name="validateselectOptions" time="4.291" classname="org.apache.atlas.seleniumtests.SearchPageTest"/>
  <testcase name="validateTagSearchFunctionality" time="1.587" classname="org.apache.atlas.seleniumtests.SearchPageTest"/>
</testsuite> <!-- org.apache.atlas.seleniumtests.SearchPageTest -->
