<?xml version="1.0" encoding="UTF-8"?>
<!-- Generated by org.testng.reporters.JUnitReportReporter -->
<testsuite hostname="Deepak-PC" name="org.apache.atlas.seleniumtests.PaginationTest" tests="6" failures="0" timestamp="21 Feb 2016 15:08:24 GMT" time="24.668" errors="0">
  <testcase name="Validate_LastPagePagination" time="0.015" classname="org.apache.atlas.seleniumtests.PaginationTest"/>
  <testcase name="MiddlePageOfPaginationVarification" time="0.009" classname="org.apache.atlas.seleniumtests.PaginationTest"/>
  <testcase name="Validate_NumberOfRows" time="24.604" classname="org.apache.atlas.seleniumtests.PaginationTest"/>
  <testcase name="Validate_NeumericboxAtBottom" time="0.016" classname="org.apache.atlas.seleniumtests.PaginationTest"/>
  <testcase name="Validate_NumberOfRowsPerPage" time="0.009" classname="org.apache.atlas.seleniumtests.PaginationTest"/>
  <testcase name="Validate_FirstPagePagination" time="0.015" classname="org.apache.atlas.seleniumtests.PaginationTest"/>
</testsuite> <!-- org.apache.atlas.seleniumtests.PaginationTest -->
