<?xml version="1.0" encoding="UTF-8"?>
<!-- Generated by org.testng.reporters.JUnitReportReporter -->
<testsuite hostname="Deepak-PC" name="org.apache.atlas.seleniumtests.PaginationTest" tests="6" failures="0" timestamp="12 Mar 2016 10:16:15 GMT" time="1.922" errors="0">
  <testcase name="Validate_NumberOfRows" time="1.871" classname="org.apache.atlas.seleniumtests.PaginationTest"/>
  <testcase name="Validate_FirstPagePagination" time="0.008" classname="org.apache.atlas.seleniumtests.PaginationTest"/>
  <testcase name="Validate_NumberOfRowsPerPage" time="0.009" classname="org.apache.atlas.seleniumtests.PaginationTest"/>
  <testcase name="Validate_NeumericboxAtBottom" time="0.018" classname="org.apache.atlas.seleniumtests.PaginationTest"/>
  <testcase name="Validate_LastPagePagination" time="0.008" classname="org.apache.atlas.seleniumtests.PaginationTest"/>
  <testcase name="MiddlePageOfPaginationVarification" time="0.008" classname="org.apache.atlas.seleniumtests.PaginationTest"/>
</testsuite> <!-- org.apache.atlas.seleniumtests.PaginationTest -->
