<?xml version="1.0" encoding="UTF-8"?>
<!-- Generated by org.testng.reporters.JUnitReportReporter -->
<testsuite hostname="Deepak-PC" name="org.apache.atlas.seleniumtests.LineagePageTest" tests="2" failures="0" timestamp="12 Mar 2016 10:16:15 GMT" time="33.105" errors="0">
  <testcase name="validateLineagePageTabs" time="29.861" classname="org.apache.atlas.seleniumtests.LineagePageTest"/>
  <testcase name="testPageElementsFromSearchPage" time="3.244" classname="org.apache.atlas.seleniumtests.LineagePageTest"/>
</testsuite> <!-- org.apache.atlas.seleniumtests.LineagePageTest -->
