<?xml version="1.0" encoding="UTF-8"?>
<!-- Generated by org.testng.reporters.JUnitReportReporter -->
<testsuite hostname="Deepak-PC" name="org.apache.atlas.seleniumtests.PaginationTest" tests="6" failures="0" timestamp="6 Mar 2016 06:50:07 GMT" time="3.114" errors="0">
  <testcase name="Validate_FirstPagePagination" time="0.010" classname="org.apache.atlas.seleniumtests.PaginationTest"/>
  <testcase name="Validate_NumberOfRows" time="3.070" classname="org.apache.atlas.seleniumtests.PaginationTest"/>
  <testcase name="Validate_NeumericboxAtBottom" time="0.012" classname="org.apache.atlas.seleniumtests.PaginationTest"/>
  <testcase name="Validate_LastPagePagination" time="0.008" classname="org.apache.atlas.seleniumtests.PaginationTest"/>
  <testcase name="MiddlePageOfPaginationVarification" time="0.007" classname="org.apache.atlas.seleniumtests.PaginationTest"/>
  <testcase name="Validate_NumberOfRowsPerPage" time="0.007" classname="org.apache.atlas.seleniumtests.PaginationTest"/>
</testsuite> <!-- org.apache.atlas.seleniumtests.PaginationTest -->
