<?xml version="1.0" encoding="UTF-8"?>
<!-- Generated by org.testng.reporters.JUnitReportReporter -->
<testsuite hostname="Deepak-PC" name="org.apache.atlas.seleniumtests.TagsPageTest" tests="23" failures="1" timestamp="6 Mar 2016 15:22:41 GMT" time="116.575" errors="0">
  <testcase name="addFunctionalTestTag" time="6.346" classname="org.apache.atlas.seleniumtests.TagsPageTest"/>
  <testcase name="validateSpellChecker" time="0.002" classname="org.apache.atlas.seleniumtests.TagsPageTest"/>
  <testcase name="validateTagsPage" time="6.277" classname="org.apache.atlas.seleniumtests.TagsPageTest"/>
  <testcase name="duplicateTagName" time="18.291" classname="org.apache.atlas.seleniumtests.TagsPageTest"/>
  <testcase name="ValidateMessageDisappear" time="0.072" classname="org.apache.atlas.seleniumtests.TagsPageTest"/>
  <testcase name="validateSpellChecker" time="0.001" classname="org.apache.atlas.seleniumtests.TagsPageTest"/>
  <testcase name="validateSpellChecker" time="0.001" classname="org.apache.atlas.seleniumtests.TagsPageTest"/>
  <testcase name="validateSpellChecker" time="0.001" classname="org.apache.atlas.seleniumtests.TagsPageTest"/>
  <testcase name="validateSpellChecker" time="0.003" classname="org.apache.atlas.seleniumtests.TagsPageTest"/>
  <testcase name="ValidateAutoRefreshForNewTagCreated" time="2.001" classname="org.apache.atlas.seleniumtests.TagsPageTest"/>
  <testcase name="validateFunctionalTestTag" time="6.650" classname="org.apache.atlas.seleniumtests.TagsPageTest"/>
  <testcase name="ValidateTagNameWithAddAttribute" time="0.053" classname="org.apache.atlas.seleniumtests.TagsPageTest">
    <failure type="java.lang.AssertionError" message="expected [false] but found [true]">
      <![CDATA[java.lang.AssertionError: expected [false] but found [true]
	at org.testng.Assert.fail(Assert.java:94)
	at org.testng.Assert.failNotEquals(Assert.java:496)
	at org.testng.Assert.assertEquals(Assert.java:125)
	at org.testng.Assert.assertEquals(Assert.java:288)
	at org.testng.Assert.assertEquals(Assert.java:298)
	at org.atlas.ui.pages.TagsPage.validateAttributeEnable(TagsPage.java:180)
	at org.apache.atlas.seleniumtests.TagsPageTest.ValidateTagNameWithAddAttribute(TagsPageTest.java:51)
	at sun.reflect.NativeMethodAccessorImpl.invoke0(Native Method)
	at sun.reflect.NativeMethodAccessorImpl.invoke(Unknown Source)
	at sun.reflect.DelegatingMethodAccessorImpl.invoke(Unknown Source)
	at java.lang.reflect.Method.invoke(Unknown Source)
	at org.testng.internal.MethodInvocationHelper.invokeMethod(MethodInvocationHelper.java:85)
	at org.testng.internal.Invoker.invokeMethod(Invoker.java:639)
	at org.testng.internal.Invoker.invokeTestMethod(Invoker.java:816)
	at org.testng.internal.Invoker.invokeTestMethods(Invoker.java:1124)
	at org.testng.internal.TestMethodWorker.invokeTestMethods(TestMethodWorker.java:125)
	at org.testng.internal.TestMethodWorker.run(TestMethodWorker.java:108)
	at org.testng.TestRunner.privateRun(TestRunner.java:774)
	at org.testng.TestRunner.run(TestRunner.java:624)
	at org.testng.SuiteRunner.runTest(SuiteRunner.java:359)
	at org.testng.SuiteRunner.access$000(SuiteRunner.java:39)
	at org.testng.SuiteRunner$SuiteWorker.run(SuiteRunner.java:393)
	at org.testng.internal.thread.ThreadUtil$2.call(ThreadUtil.java:64)
	at java.util.concurrent.FutureTask.run(Unknown Source)
	at java.util.concurrent.ThreadPoolExecutor.runWorker(Unknown Source)
	at java.util.concurrent.ThreadPoolExecutor$Worker.run(Unknown Source)
	at java.lang.Thread.run(Unknown Source)
]]>
    </failure>
  </testcase> <!-- ValidateTagNameWithAddAttribute -->
  <testcase name="validateSpellChecker" time="0.001" classname="org.apache.atlas.seleniumtests.TagsPageTest"/>
  <testcase name="validateSpellChecker" time="0.001" classname="org.apache.atlas.seleniumtests.TagsPageTest"/>
  <testcase name="testPageElementsFromTagsTab" time="25.734" classname="org.apache.atlas.seleniumtests.TagsPageTest"/>
  <testcase name="VisibilityOfXButtonOnAttribute" time="0.016" classname="org.apache.atlas.seleniumtests.TagsPageTest"/>
  <testcase name="validateSpellChecker" time="0.003" classname="org.apache.atlas.seleniumtests.TagsPageTest"/>
  <testcase name="validateSpellChecker" time="0.001" classname="org.apache.atlas.seleniumtests.TagsPageTest"/>
  <testcase name="validateSpellChecker" time="0.002" classname="org.apache.atlas.seleniumtests.TagsPageTest"/>
  <testcase name="createTagWithAttribute" time="6.681" classname="org.apache.atlas.seleniumtests.TagsPageTest"/>
  <testcase name="ValidateOfXButtonOnADDAtrribute" time="0.080" classname="org.apache.atlas.seleniumtests.TagsPageTest"/>
  <testcase name="WebElementCollection" time="44.355" classname="org.apache.atlas.seleniumtests.TagsPageTest"/>
  <testcase name="validateSpellChecker" time="0.003" classname="org.apache.atlas.seleniumtests.TagsPageTest"/>
</testsuite> <!-- org.apache.atlas.seleniumtests.TagsPageTest -->
