<?xml version="1.0" encoding="UTF-8"?>
<!-- Generated by org.testng.reporters.JUnitReportReporter -->
<testsuite hostname="Deepak-PC" name="org.apache.atlas.seleniumtests.TagsPageTest" tests="23" failures="0" timestamp="12 Mar 2016 10:16:15 GMT" time="266.893" errors="0">
  <testcase name="validateTagsPage" time="6.305" classname="org.apache.atlas.seleniumtests.TagsPageTest"/>
  <testcase name="duplicateTagName" time="12.850" classname="org.apache.atlas.seleniumtests.TagsPageTest"/>
  <testcase name="validateSpellChecker" time="20.026" classname="org.apache.atlas.seleniumtests.TagsPageTest"/>
  <testcase name="createTagWithAttribute" time="6.805" classname="org.apache.atlas.seleniumtests.TagsPageTest"/>
  <testcase name="addFunctionalTestTag" time="6.456" classname="org.apache.atlas.seleniumtests.TagsPageTest"/>
  <testcase name="validateSpellChecker" time="2.001" classname="org.apache.atlas.seleniumtests.TagsPageTest"/>
  <testcase name="validateSpellChecker" time="10.008" classname="org.apache.atlas.seleniumtests.TagsPageTest"/>
  <testcase name="ValidateOfXButtonOnADDAtrribute" time="0.095" classname="org.apache.atlas.seleniumtests.TagsPageTest"/>
  <testcase name="validateSpellChecker" time="18.007" classname="org.apache.atlas.seleniumtests.TagsPageTest"/>
  <testcase name="validateSpellChecker" time="6.010" classname="org.apache.atlas.seleniumtests.TagsPageTest"/>
  <testcase name="validateSpellChecker" time="12.009" classname="org.apache.atlas.seleniumtests.TagsPageTest"/>
  <testcase name="testPageElementsFromTagsTab" time="3.278" classname="org.apache.atlas.seleniumtests.TagsPageTest"/>
  <testcase name="validateSpellChecker" time="4.008" classname="org.apache.atlas.seleniumtests.TagsPageTest"/>
  <testcase name="validateSpellChecker" time="26.028" classname="org.apache.atlas.seleniumtests.TagsPageTest"/>
  <testcase name="validateSpellChecker" time="16.013" classname="org.apache.atlas.seleniumtests.TagsPageTest"/>
  <testcase name="WebElementCollection" time="34.844" classname="org.apache.atlas.seleniumtests.TagsPageTest"/>
  <testcase name="validateFunctionalTestTag" time="6.340" classname="org.apache.atlas.seleniumtests.TagsPageTest"/>
  <testcase name="validateSpellChecker" time="14.014" classname="org.apache.atlas.seleniumtests.TagsPageTest"/>
  <testcase name="validateSpellChecker" time="22.011" classname="org.apache.atlas.seleniumtests.TagsPageTest"/>
  <testcase name="ValidateAutoRefreshForNewTagCreated" time="7.722" classname="org.apache.atlas.seleniumtests.TagsPageTest"/>
  <testcase name="VisibilityOfXButtonOnAttribute" time="0.029" classname="org.apache.atlas.seleniumtests.TagsPageTest"/>
  <testcase name="validateSpellChecker" time="24.026" classname="org.apache.atlas.seleniumtests.TagsPageTest"/>
  <testcase name="validateSpellChecker" time="8.008" classname="org.apache.atlas.seleniumtests.TagsPageTest"/>
</testsuite> <!-- org.apache.atlas.seleniumtests.TagsPageTest -->
