<?xml version="1.0" encoding="UTF-8"?>
<!-- Generated by org.testng.reporters.JUnitReportReporter -->
<testsuite hostname="Deepak-PC" name="org.apache.atlas.seleniumtests.SearchPageTest" tests="27" failures="0" timestamp="12 Mar 2016 10:16:15 GMT" time="348.150" errors="0">
  <testcase name="validateSearchResultCount" time="16.654" classname="org.apache.atlas.seleniumtests.SearchPageTest"/>
  <testcase name="validateTagInSearchResult" time="19.891" classname="org.apache.atlas.seleniumtests.SearchPageTest"/>
  <testcase name="validateSearchQueries" time="18.558" classname="org.apache.atlas.seleniumtests.SearchPageTest"/>
  <testcase name="validateSearchQueries" time="18.577" classname="org.apache.atlas.seleniumtests.SearchPageTest"/>
  <testcase name="validatNoOfeSelectOptions" time="0.071" classname="org.apache.atlas.seleniumtests.SearchPageTest"/>
  <testcase name="validateSearchQueries" time="18.615" classname="org.apache.atlas.seleniumtests.SearchPageTest"/>
  <testcase name="validateSearchQueries" time="18.660" classname="org.apache.atlas.seleniumtests.SearchPageTest"/>
  <testcase name="validateTagSectionInSearchPage" time="0.013" classname="org.apache.atlas.seleniumtests.SearchPageTest"/>
  <testcase name="validateTagSearchFunctionality" time="0.238" classname="org.apache.atlas.seleniumtests.SearchPageTest"/>
  <testcase name="validateSearchQueries" time="18.606" classname="org.apache.atlas.seleniumtests.SearchPageTest"/>
  <testcase name="validateTableHeaders" time="0.077" classname="org.apache.atlas.seleniumtests.SearchPageTest"/>
  <testcase name="validateSearchFunctionalty" time="16.423" classname="org.apache.atlas.seleniumtests.SearchPageTest"/>
  <testcase name="validateTagSearchResult" time="0.074" classname="org.apache.atlas.seleniumtests.SearchPageTest"/>
  <testcase name="validateSearchQueries" time="18.581" classname="org.apache.atlas.seleniumtests.SearchPageTest"/>
  <testcase name="validateSearchQueries" time="18.531" classname="org.apache.atlas.seleniumtests.SearchPageTest"/>
  <testcase name="validateSearchQueries" time="18.507" classname="org.apache.atlas.seleniumtests.SearchPageTest"/>
  <testcase name="validateSearchQueries" time="18.621" classname="org.apache.atlas.seleniumtests.SearchPageTest"/>
  <testcase name="validateSearchQueries" time="18.594" classname="org.apache.atlas.seleniumtests.SearchPageTest"/>
  <testcase name="validateSearchQueries" time="18.624" classname="org.apache.atlas.seleniumtests.SearchPageTest"/>
  <testcase name="validateSearchQueries" time="18.584" classname="org.apache.atlas.seleniumtests.SearchPageTest"/>
  <testcase name="testPageElementsFromSearchPage" time="3.243" classname="org.apache.atlas.seleniumtests.SearchPageTest"/>
  <testcase name="validateTagSearchInSearchPage" time="0.020" classname="org.apache.atlas.seleniumtests.SearchPageTest"/>
  <testcase name="validateselectOptions" time="4.276" classname="org.apache.atlas.seleniumtests.SearchPageTest"/>
  <testcase name="invalidSearchResult" time="16.862" classname="org.apache.atlas.seleniumtests.SearchPageTest"/>
  <testcase name="validateSearchQueries" time="18.757" classname="org.apache.atlas.seleniumtests.SearchPageTest"/>
  <testcase name="validateFunctionalTestTag" time="28.477" classname="org.apache.atlas.seleniumtests.SearchPageTest"/>
  <testcase name="validate_TextAndDSL_availability" time="0.016" classname="org.apache.atlas.seleniumtests.SearchPageTest"/>
</testsuite> <!-- org.apache.atlas.seleniumtests.SearchPageTest -->
