<?xml version="1.0" encoding="UTF-8"?>
<!-- Generated by org.testng.reporters.JUnitReportReporter -->
<testsuite hostname="Deepak-PC" name="org.apache.atlas.seleniumtests.HomePageTest" tests="4" failures="0" timestamp="12 Mar 2016 10:16:15 GMT" time="46.127" errors="0">
  <testcase name="validateLogoVisible" time="1.515" classname="org.apache.atlas.seleniumtests.HomePageTest"/>
  <testcase name="validateAboutLink" time="23.412" classname="org.apache.atlas.seleniumtests.HomePageTest"/>
  <testcase name="validateMenuLinks" time="0.087" classname="org.apache.atlas.seleniumtests.HomePageTest"/>
  <testcase name="validateHelpLink" time="21.113" classname="org.apache.atlas.seleniumtests.HomePageTest"/>
</testsuite> <!-- org.apache.atlas.seleniumtests.HomePageTest -->
