<?xml version="1.0" encoding="UTF-8"?>
<!-- Generated by org.testng.reporters.JUnitReportReporter -->
<testsuite hostname="Deepak-PC" name="org.apache.atlas.seleniumtests.HomePageTest" tests="4" failures="0" timestamp="6 Mar 2016 15:22:41 GMT" time="46.726" errors="0">
  <testcase name="validateAboutLink" time="23.387" classname="org.apache.atlas.seleniumtests.HomePageTest"/>
  <testcase name="validateHelpLink" time="21.806" classname="org.apache.atlas.seleniumtests.HomePageTest"/>
  <testcase name="validateLogoVisible" time="1.449" classname="org.apache.atlas.seleniumtests.HomePageTest"/>
  <testcase name="validateMenuLinks" time="0.084" classname="org.apache.atlas.seleniumtests.HomePageTest"/>
</testsuite> <!-- org.apache.atlas.seleniumtests.HomePageTest -->
